<html>
<body>
<pre>
<h1>µVision Build Log</h1>
<h2>Tool Versions:</h2>
IDE-Version: ¦ÌVision V5.32.0.0
Copyright (C) 2020 ARM Ltd and ARM Germany GmbH. All rights reserved.
License Information: GFRYHRG 8615141415959, RTHR, LIC=GMZI6-DBECY-FW12N-Y44SL-GU9XV-BX415
 
Tool Versions:
Toolchain:       MDK-ARM Plus  Version: 5.32.0.0
Toolchain Path:  E:\KEIL5\ARM\ARMCC\Bin
C Compiler:      Armcc.exe V5.06 update 7 (build 960)
Assembler:       Armasm.exe V5.06 update 7 (build 960)
Linker/Locator:  ArmLink.exe V5.06 update 7 (build 960)
Library Manager: ArmAr.exe V5.06 update 7 (build 960)
Hex Converter:   FromElf.exe V5.06 update 7 (build 960)
CPU DLL:         SARMCM3.DLL V5.32.0.0
Dialog DLL:      DCM.DLL V1.17.3.0
Target DLL:      STLink\ST-LINKIII-KEIL_SWO.dll V3.0.8.0
Dialog DLL:      TCM.DLL V1.46.0.0
 
<h2>Project:</h2>
E:\Matlab\mcu_keil\STM32F334R8PIC\untitle\project\Project.uvprojx
Project File Date:  07/21/2023

<h2>Output:</h2>
*** Using Compiler 'V5.06 update 7 (build 960)', folder: 'E:\KEIL5\ARM\ARMCC\Bin'
Build target 'stm32f334'
compiling main.c...
..\main\main.c(1): error:  #5: cannot open source input file "private_INV.h": No such file or directory
  #include "private_INV.h"
..\main\main.c: 0 warnings, 1 error
compiling KEY_ELAB.c...
"no source": Error:  #5: cannot open source input file "..\main\KEY_ELAB.c": No such file or directory
..\main\KEY_ELAB.c: 0 warnings, 1 error
compiling pid_yyds.c...
compiling ELAB_subsystem.c...
..\main\ELAB_subsystem.c(24): error:  #5: cannot open source input file "inv_ELAB.h": No such file or directory
  #include "inv_ELAB.h"
..\main\ELAB_subsystem.c: 0 warnings, 1 error
compiling stm32f3xx_it.c...
compiling oled.c...
compiling stm32f30x_comp.c...
compiling system_stm32f30x.c...
compiling stm32f30x_adc.c...
compiling stm32f30x_can.c...
compiling stm32f30x_dbgmcu.c...
compiling key.c...
compiling dr_led.c...
compiling SVPWM_CTR.c...
compiling my_board.c...
..\cntl_lib_yyds\my_board.c(665): warning:  #1-D: last line of file ends without a newline
  	
..\cntl_lib_yyds\my_board.c: 1 warning, 0 errors
compiling stm32f30x_crc.c...
compiling stm32f30x_dac.c...
compiling stm32f30x_dma.c...
compiling stm32f30x_exti.c...
compiling stm32f30x_gpio.c...
compiling stm32f30x_flash.c...
compiling stm32f30x_hrtim.c...
compiling stm32f30x_iwdg.c...
compiling stm32f30x_misc.c...
compiling stm32f30x_opamp.c...
compiling stm32f30x_i2c.c...
assembling startup_stm32f334x8.s...
compiling stm32f30x_pwr.c...
compiling stm32f30x_spi.c...
compiling stm32f30x_rcc.c...
compiling stm32f30x_syscfg.c...
compiling stm32f30x_rtc.c...
compiling stm32f30x_wwdg.c...
compiling stm32f30x_tim.c...
compiling stm32f30x_usart.c...
compiling power_meas_sine_analyzer.c...
compiling spll_1ph_sogi.c...
".\Objects\yyds.axf" - 3 Error(s), 1 Warning(s).

<h2>Software Packages used:</h2>

Package Vendor: Keil
                http://www.keil.com/pack/Keil.STM32F3xx_DFP.2.2.2.pack
                Keil.STM32F3xx_DFP.2.2.2
                STMicroelectronics STM32F3 Series Device Support and Examples

<h2>Collection of Component include folders:</h2>
  E:\KEIL5\Keil\STM32F3xx_DFP\2.2.2\Drivers\CMSIS\Device\ST\STM32F3xx\Include

<h2>Collection of Component Files used:</h2>
Target not created.
Build Time Elapsed:  00:00:02
</pre>
</body>
</html>
